----HBO1-AERO.rc----
----202311 vs wk----
                      
                      
                      
----HBO1-AERO_HISTORY.rc----
----202311 vs wk----
                      
                      
                      
----HBO1-AGCM.rc----
----202311 vs wk----
                      
                      
                      
----HBO1-CA2G_instance_CA.bc.rc----
----202311 vs wk----
                      
                      
                      
----HBO1-CA2G_instance_CA.br.rc----
----202311 vs wk----
                      
                      
                      
----HBO1-CA2G_instance_CA.oc.rc----
----202311 vs wk----
                      
                      
                      
----HBO1-CAP.rc----
----202311 vs wk----
                      
                      
                      
----HBO1-DU2G_instance_DU.rc----
----202311 vs wk----
                      
                      
                      
----HBO1-ExtData.gbbepx----
----202311 vs wk----
                      
                      
                      
----HBO1-ExtData.gbbepx_v003----
----202311 vs wk----
                      
                      
                      
----HBO1-ExtData.gbbepx_v003_stochAeroEmis----
----202311 vs wk----
                      
                      
                      
----HBO1-ExtData.gbbepx_v004----
----202311 vs wk----
                      
                      
                      
----HBO1-ExtData.gbbepx_v004_stochAeroEmis----
----202311 vs wk----
                      
                      
                      
----HBO1-ExtData.gbbepx_v004_stochAeroEmis_fixedgbbepx----
----202311 vs wk----
                      
                      
                      
----HBO1-ExtData.gbbepx_v004_stochAeroEmis_pertgbbepx----
----202311 vs wk----
                      
                      
                      
----HBO1-ExtData.none----
----202311 vs wk----
                      
                      
                      
----HBO1-ExtData.other----
----202311 vs wk----
                      
                      
                      
----HBO1-ExtData.other_stochAeroEmis----
----202311 vs wk----
                      
                      
                      
----HBO1-ExtData.other_stochAeroEmis_fixedgbbepx----
----202311 vs wk----
                      
                      
                      
----HBO1-ExtData.other_stochAeroEmis_pertgbbepx----
----202311 vs wk----
                      
                      
                      
----HBO1-ExtData.qfed----
----202311 vs wk----
                      
                      
                      
----HBO1-GOCART2G_GridComp.rc----
----202311 vs wk----
                      
                      
                      
----HBO1-NI2G_instance_NI.rc----
----202311 vs wk----
                      
                      
                      
----HBO1-SS2G_instance_SS.rc----
----202311 vs wk----
                      
                      
                      
----HBO1-SU2G_instance_SU.rc----
----202311 vs wk----
                      
                      
                      
----HBO1-gocart_tracer.list----
----202311 vs wk----
                      
                      
                      
