+ RORUNCMD=/apps/contrib/rocoto/1.3.6/bin/rocotorun
+ XMLDIR=/home/bohuang/Workflow/UFS-Aerosols_NRTcyc/UFS-Aerosols-EP4_JEDI-AeroDA-Reanl-Hercules-20231213Model/dr-work-mpi/xmlFiles/
+ DBDIR=/work/noaa/gsd-fv3-dev/bhuang/expRuns/UFS-Aerosols_RETcyc/AeroReanl/xmlDB/
+ EXPS='
    AeroReanl_EP4_AeroDA_YesSPEEnKF_YesSfcanl_v14_0dz0dp_41M_C96_201801
    AeroReanl_EP4_AeroDA_YesSPEEnKF_YesSfcanl_v14_0dz0dp_41M_C96_201801_Diag

    AeroReanl_EP4_FreeRun_NoSPE_YesSfcanl_v14_0dz0dp_1M_C96_201801
    AeroReanl_EP4_FreeRun_NoSPE_YesSfcanl_v14_0dz0dp_1M_C96_201801_Diag

    AeroReanl_EP4_AeroDA_YesSPEEnKF_YesSfcanl_v15_0dz0dp_41M_C96_202007
    AeroReanl_EP4_AeroDA_YesSPEEnKF_YesSfcanl_v15_0dz0dp_41M_C96_202007_Diag

    AeroReanl_EP4_FreeRun_NoSPE_YesSfcanl_v15_0dz0dp_1M_C96_202007
    AeroReanl_EP4_FreeRun_NoSPE_YesSfcanl_v15_0dz0dp_1M_C96_202007_Diag
'
+ for EXP in ${EXPS}
+ echo '/apps/contrib/rocoto/1.3.6/bin/rocotorun -w /home/bohuang/Workflow/UFS-Aerosols_NRTcyc/UFS-Aerosols-EP4_JEDI-AeroDA-Reanl-Hercules-20231213Model/dr-work-mpi/xmlFiles//AeroReanl_EP4_AeroDA_YesSPEEnKF_YesSfcanl_v14_0dz0dp_41M_C96_201801.xml -d /work/noaa/gsd-fv3-dev/bhuang/expRuns/UFS-Aerosols_RETcyc/AeroReanl/xmlDB//AeroReanl_EP4_AeroDA_YesSPEEnKF_YesSfcanl_v14_0dz0dp_41M_C96_201801.db'
/apps/contrib/rocoto/1.3.6/bin/rocotorun -w /home/bohuang/Workflow/UFS-Aerosols_NRTcyc/UFS-Aerosols-EP4_JEDI-AeroDA-Reanl-Hercules-20231213Model/dr-work-mpi/xmlFiles//AeroReanl_EP4_AeroDA_YesSPEEnKF_YesSfcanl_v14_0dz0dp_41M_C96_201801.xml -d /work/noaa/gsd-fv3-dev/bhuang/expRuns/UFS-Aerosols_RETcyc/AeroReanl/xmlDB//AeroReanl_EP4_AeroDA_YesSPEEnKF_YesSfcanl_v14_0dz0dp_41M_C96_201801.db
+ /apps/contrib/rocoto/1.3.6/bin/rocotorun -w /home/bohuang/Workflow/UFS-Aerosols_NRTcyc/UFS-Aerosols-EP4_JEDI-AeroDA-Reanl-Hercules-20231213Model/dr-work-mpi/xmlFiles//AeroReanl_EP4_AeroDA_YesSPEEnKF_YesSfcanl_v14_0dz0dp_41M_C96_201801.xml -d /work/noaa/gsd-fv3-dev/bhuang/expRuns/UFS-Aerosols_RETcyc/AeroReanl/xmlDB//AeroReanl_EP4_AeroDA_YesSPEEnKF_YesSfcanl_v14_0dz0dp_41M_C96_201801.db
05/29/24 16:59:22 CDT :: AeroReanl_EP4_AeroDA_YesSPEEnKF_YesSfcanl_v14_0dz0dp_41M_C96_201801.xml :: ERROR: You do not have permission to create /work/noaa/gsd-fv3-dev/bhuang/expRuns/UFS-Aerosols_RETcyc/AeroReanl/xmlDB//AeroReanl_EP4_AeroDA_YesSPEEnKF_YesSfcanl_v14_0dz0dp_41M_C96_201801.db
+ for EXP in ${EXPS}
+ echo '/apps/contrib/rocoto/1.3.6/bin/rocotorun -w /home/bohuang/Workflow/UFS-Aerosols_NRTcyc/UFS-Aerosols-EP4_JEDI-AeroDA-Reanl-Hercules-20231213Model/dr-work-mpi/xmlFiles//AeroReanl_EP4_AeroDA_YesSPEEnKF_YesSfcanl_v14_0dz0dp_41M_C96_201801_Diag.xml -d /work/noaa/gsd-fv3-dev/bhuang/expRuns/UFS-Aerosols_RETcyc/AeroReanl/xmlDB//AeroReanl_EP4_AeroDA_YesSPEEnKF_YesSfcanl_v14_0dz0dp_41M_C96_201801_Diag.db'
/apps/contrib/rocoto/1.3.6/bin/rocotorun -w /home/bohuang/Workflow/UFS-Aerosols_NRTcyc/UFS-Aerosols-EP4_JEDI-AeroDA-Reanl-Hercules-20231213Model/dr-work-mpi/xmlFiles//AeroReanl_EP4_AeroDA_YesSPEEnKF_YesSfcanl_v14_0dz0dp_41M_C96_201801_Diag.xml -d /work/noaa/gsd-fv3-dev/bhuang/expRuns/UFS-Aerosols_RETcyc/AeroReanl/xmlDB//AeroReanl_EP4_AeroDA_YesSPEEnKF_YesSfcanl_v14_0dz0dp_41M_C96_201801_Diag.db
+ /apps/contrib/rocoto/1.3.6/bin/rocotorun -w /home/bohuang/Workflow/UFS-Aerosols_NRTcyc/UFS-Aerosols-EP4_JEDI-AeroDA-Reanl-Hercules-20231213Model/dr-work-mpi/xmlFiles//AeroReanl_EP4_AeroDA_YesSPEEnKF_YesSfcanl_v14_0dz0dp_41M_C96_201801_Diag.xml -d /work/noaa/gsd-fv3-dev/bhuang/expRuns/UFS-Aerosols_RETcyc/AeroReanl/xmlDB//AeroReanl_EP4_AeroDA_YesSPEEnKF_YesSfcanl_v14_0dz0dp_41M_C96_201801_Diag.db
05/29/24 16:59:22 CDT :: AeroReanl_EP4_AeroDA_YesSPEEnKF_YesSfcanl_v14_0dz0dp_41M_C96_201801_Diag.xml :: ERROR: You do not have permission to create /work/noaa/gsd-fv3-dev/bhuang/expRuns/UFS-Aerosols_RETcyc/AeroReanl/xmlDB//AeroReanl_EP4_AeroDA_YesSPEEnKF_YesSfcanl_v14_0dz0dp_41M_C96_201801_Diag.db
+ for EXP in ${EXPS}
+ echo '/apps/contrib/rocoto/1.3.6/bin/rocotorun -w /home/bohuang/Workflow/UFS-Aerosols_NRTcyc/UFS-Aerosols-EP4_JEDI-AeroDA-Reanl-Hercules-20231213Model/dr-work-mpi/xmlFiles//AeroReanl_EP4_FreeRun_NoSPE_YesSfcanl_v14_0dz0dp_1M_C96_201801.xml -d /work/noaa/gsd-fv3-dev/bhuang/expRuns/UFS-Aerosols_RETcyc/AeroReanl/xmlDB//AeroReanl_EP4_FreeRun_NoSPE_YesSfcanl_v14_0dz0dp_1M_C96_201801.db'
/apps/contrib/rocoto/1.3.6/bin/rocotorun -w /home/bohuang/Workflow/UFS-Aerosols_NRTcyc/UFS-Aerosols-EP4_JEDI-AeroDA-Reanl-Hercules-20231213Model/dr-work-mpi/xmlFiles//AeroReanl_EP4_FreeRun_NoSPE_YesSfcanl_v14_0dz0dp_1M_C96_201801.xml -d /work/noaa/gsd-fv3-dev/bhuang/expRuns/UFS-Aerosols_RETcyc/AeroReanl/xmlDB//AeroReanl_EP4_FreeRun_NoSPE_YesSfcanl_v14_0dz0dp_1M_C96_201801.db
+ /apps/contrib/rocoto/1.3.6/bin/rocotorun -w /home/bohuang/Workflow/UFS-Aerosols_NRTcyc/UFS-Aerosols-EP4_JEDI-AeroDA-Reanl-Hercules-20231213Model/dr-work-mpi/xmlFiles//AeroReanl_EP4_FreeRun_NoSPE_YesSfcanl_v14_0dz0dp_1M_C96_201801.xml -d /work/noaa/gsd-fv3-dev/bhuang/expRuns/UFS-Aerosols_RETcyc/AeroReanl/xmlDB//AeroReanl_EP4_FreeRun_NoSPE_YesSfcanl_v14_0dz0dp_1M_C96_201801.db
05/29/24 16:59:22 CDT :: AeroReanl_EP4_FreeRun_NoSPE_YesSfcanl_v14_0dz0dp_1M_C96_201801.xml :: ERROR: You do not have permission to create /work/noaa/gsd-fv3-dev/bhuang/expRuns/UFS-Aerosols_RETcyc/AeroReanl/xmlDB//AeroReanl_EP4_FreeRun_NoSPE_YesSfcanl_v14_0dz0dp_1M_C96_201801.db
+ for EXP in ${EXPS}
+ echo '/apps/contrib/rocoto/1.3.6/bin/rocotorun -w /home/bohuang/Workflow/UFS-Aerosols_NRTcyc/UFS-Aerosols-EP4_JEDI-AeroDA-Reanl-Hercules-20231213Model/dr-work-mpi/xmlFiles//AeroReanl_EP4_FreeRun_NoSPE_YesSfcanl_v14_0dz0dp_1M_C96_201801_Diag.xml -d /work/noaa/gsd-fv3-dev/bhuang/expRuns/UFS-Aerosols_RETcyc/AeroReanl/xmlDB//AeroReanl_EP4_FreeRun_NoSPE_YesSfcanl_v14_0dz0dp_1M_C96_201801_Diag.db'
/apps/contrib/rocoto/1.3.6/bin/rocotorun -w /home/bohuang/Workflow/UFS-Aerosols_NRTcyc/UFS-Aerosols-EP4_JEDI-AeroDA-Reanl-Hercules-20231213Model/dr-work-mpi/xmlFiles//AeroReanl_EP4_FreeRun_NoSPE_YesSfcanl_v14_0dz0dp_1M_C96_201801_Diag.xml -d /work/noaa/gsd-fv3-dev/bhuang/expRuns/UFS-Aerosols_RETcyc/AeroReanl/xmlDB//AeroReanl_EP4_FreeRun_NoSPE_YesSfcanl_v14_0dz0dp_1M_C96_201801_Diag.db
+ /apps/contrib/rocoto/1.3.6/bin/rocotorun -w /home/bohuang/Workflow/UFS-Aerosols_NRTcyc/UFS-Aerosols-EP4_JEDI-AeroDA-Reanl-Hercules-20231213Model/dr-work-mpi/xmlFiles//AeroReanl_EP4_FreeRun_NoSPE_YesSfcanl_v14_0dz0dp_1M_C96_201801_Diag.xml -d /work/noaa/gsd-fv3-dev/bhuang/expRuns/UFS-Aerosols_RETcyc/AeroReanl/xmlDB//AeroReanl_EP4_FreeRun_NoSPE_YesSfcanl_v14_0dz0dp_1M_C96_201801_Diag.db
05/29/24 16:59:23 CDT :: AeroReanl_EP4_FreeRun_NoSPE_YesSfcanl_v14_0dz0dp_1M_C96_201801_Diag.xml :: ERROR: You do not have permission to create /work/noaa/gsd-fv3-dev/bhuang/expRuns/UFS-Aerosols_RETcyc/AeroReanl/xmlDB//AeroReanl_EP4_FreeRun_NoSPE_YesSfcanl_v14_0dz0dp_1M_C96_201801_Diag.db
+ for EXP in ${EXPS}
+ echo '/apps/contrib/rocoto/1.3.6/bin/rocotorun -w /home/bohuang/Workflow/UFS-Aerosols_NRTcyc/UFS-Aerosols-EP4_JEDI-AeroDA-Reanl-Hercules-20231213Model/dr-work-mpi/xmlFiles//AeroReanl_EP4_AeroDA_YesSPEEnKF_YesSfcanl_v15_0dz0dp_41M_C96_202007.xml -d /work/noaa/gsd-fv3-dev/bhuang/expRuns/UFS-Aerosols_RETcyc/AeroReanl/xmlDB//AeroReanl_EP4_AeroDA_YesSPEEnKF_YesSfcanl_v15_0dz0dp_41M_C96_202007.db'
/apps/contrib/rocoto/1.3.6/bin/rocotorun -w /home/bohuang/Workflow/UFS-Aerosols_NRTcyc/UFS-Aerosols-EP4_JEDI-AeroDA-Reanl-Hercules-20231213Model/dr-work-mpi/xmlFiles//AeroReanl_EP4_AeroDA_YesSPEEnKF_YesSfcanl_v15_0dz0dp_41M_C96_202007.xml -d /work/noaa/gsd-fv3-dev/bhuang/expRuns/UFS-Aerosols_RETcyc/AeroReanl/xmlDB//AeroReanl_EP4_AeroDA_YesSPEEnKF_YesSfcanl_v15_0dz0dp_41M_C96_202007.db
+ /apps/contrib/rocoto/1.3.6/bin/rocotorun -w /home/bohuang/Workflow/UFS-Aerosols_NRTcyc/UFS-Aerosols-EP4_JEDI-AeroDA-Reanl-Hercules-20231213Model/dr-work-mpi/xmlFiles//AeroReanl_EP4_AeroDA_YesSPEEnKF_YesSfcanl_v15_0dz0dp_41M_C96_202007.xml -d /work/noaa/gsd-fv3-dev/bhuang/expRuns/UFS-Aerosols_RETcyc/AeroReanl/xmlDB//AeroReanl_EP4_AeroDA_YesSPEEnKF_YesSfcanl_v15_0dz0dp_41M_C96_202007.db
05/29/24 16:59:23 CDT :: AeroReanl_EP4_AeroDA_YesSPEEnKF_YesSfcanl_v15_0dz0dp_41M_C96_202007.xml :: ERROR: You do not have permission to create /work/noaa/gsd-fv3-dev/bhuang/expRuns/UFS-Aerosols_RETcyc/AeroReanl/xmlDB//AeroReanl_EP4_AeroDA_YesSPEEnKF_YesSfcanl_v15_0dz0dp_41M_C96_202007.db
+ for EXP in ${EXPS}
+ echo '/apps/contrib/rocoto/1.3.6/bin/rocotorun -w /home/bohuang/Workflow/UFS-Aerosols_NRTcyc/UFS-Aerosols-EP4_JEDI-AeroDA-Reanl-Hercules-20231213Model/dr-work-mpi/xmlFiles//AeroReanl_EP4_AeroDA_YesSPEEnKF_YesSfcanl_v15_0dz0dp_41M_C96_202007_Diag.xml -d /work/noaa/gsd-fv3-dev/bhuang/expRuns/UFS-Aerosols_RETcyc/AeroReanl/xmlDB//AeroReanl_EP4_AeroDA_YesSPEEnKF_YesSfcanl_v15_0dz0dp_41M_C96_202007_Diag.db'
/apps/contrib/rocoto/1.3.6/bin/rocotorun -w /home/bohuang/Workflow/UFS-Aerosols_NRTcyc/UFS-Aerosols-EP4_JEDI-AeroDA-Reanl-Hercules-20231213Model/dr-work-mpi/xmlFiles//AeroReanl_EP4_AeroDA_YesSPEEnKF_YesSfcanl_v15_0dz0dp_41M_C96_202007_Diag.xml -d /work/noaa/gsd-fv3-dev/bhuang/expRuns/UFS-Aerosols_RETcyc/AeroReanl/xmlDB//AeroReanl_EP4_AeroDA_YesSPEEnKF_YesSfcanl_v15_0dz0dp_41M_C96_202007_Diag.db
+ /apps/contrib/rocoto/1.3.6/bin/rocotorun -w /home/bohuang/Workflow/UFS-Aerosols_NRTcyc/UFS-Aerosols-EP4_JEDI-AeroDA-Reanl-Hercules-20231213Model/dr-work-mpi/xmlFiles//AeroReanl_EP4_AeroDA_YesSPEEnKF_YesSfcanl_v15_0dz0dp_41M_C96_202007_Diag.xml -d /work/noaa/gsd-fv3-dev/bhuang/expRuns/UFS-Aerosols_RETcyc/AeroReanl/xmlDB//AeroReanl_EP4_AeroDA_YesSPEEnKF_YesSfcanl_v15_0dz0dp_41M_C96_202007_Diag.db
05/29/24 16:59:23 CDT :: AeroReanl_EP4_AeroDA_YesSPEEnKF_YesSfcanl_v15_0dz0dp_41M_C96_202007_Diag.xml :: ERROR: You do not have permission to create /work/noaa/gsd-fv3-dev/bhuang/expRuns/UFS-Aerosols_RETcyc/AeroReanl/xmlDB//AeroReanl_EP4_AeroDA_YesSPEEnKF_YesSfcanl_v15_0dz0dp_41M_C96_202007_Diag.db
+ for EXP in ${EXPS}
+ echo '/apps/contrib/rocoto/1.3.6/bin/rocotorun -w /home/bohuang/Workflow/UFS-Aerosols_NRTcyc/UFS-Aerosols-EP4_JEDI-AeroDA-Reanl-Hercules-20231213Model/dr-work-mpi/xmlFiles//AeroReanl_EP4_FreeRun_NoSPE_YesSfcanl_v15_0dz0dp_1M_C96_202007.xml -d /work/noaa/gsd-fv3-dev/bhuang/expRuns/UFS-Aerosols_RETcyc/AeroReanl/xmlDB//AeroReanl_EP4_FreeRun_NoSPE_YesSfcanl_v15_0dz0dp_1M_C96_202007.db'
/apps/contrib/rocoto/1.3.6/bin/rocotorun -w /home/bohuang/Workflow/UFS-Aerosols_NRTcyc/UFS-Aerosols-EP4_JEDI-AeroDA-Reanl-Hercules-20231213Model/dr-work-mpi/xmlFiles//AeroReanl_EP4_FreeRun_NoSPE_YesSfcanl_v15_0dz0dp_1M_C96_202007.xml -d /work/noaa/gsd-fv3-dev/bhuang/expRuns/UFS-Aerosols_RETcyc/AeroReanl/xmlDB//AeroReanl_EP4_FreeRun_NoSPE_YesSfcanl_v15_0dz0dp_1M_C96_202007.db
+ /apps/contrib/rocoto/1.3.6/bin/rocotorun -w /home/bohuang/Workflow/UFS-Aerosols_NRTcyc/UFS-Aerosols-EP4_JEDI-AeroDA-Reanl-Hercules-20231213Model/dr-work-mpi/xmlFiles//AeroReanl_EP4_FreeRun_NoSPE_YesSfcanl_v15_0dz0dp_1M_C96_202007.xml -d /work/noaa/gsd-fv3-dev/bhuang/expRuns/UFS-Aerosols_RETcyc/AeroReanl/xmlDB//AeroReanl_EP4_FreeRun_NoSPE_YesSfcanl_v15_0dz0dp_1M_C96_202007.db
05/29/24 16:59:24 CDT :: AeroReanl_EP4_FreeRun_NoSPE_YesSfcanl_v15_0dz0dp_1M_C96_202007.xml :: ERROR: You do not have permission to create /work/noaa/gsd-fv3-dev/bhuang/expRuns/UFS-Aerosols_RETcyc/AeroReanl/xmlDB//AeroReanl_EP4_FreeRun_NoSPE_YesSfcanl_v15_0dz0dp_1M_C96_202007.db
+ for EXP in ${EXPS}
+ echo '/apps/contrib/rocoto/1.3.6/bin/rocotorun -w /home/bohuang/Workflow/UFS-Aerosols_NRTcyc/UFS-Aerosols-EP4_JEDI-AeroDA-Reanl-Hercules-20231213Model/dr-work-mpi/xmlFiles//AeroReanl_EP4_FreeRun_NoSPE_YesSfcanl_v15_0dz0dp_1M_C96_202007_Diag.xml -d /work/noaa/gsd-fv3-dev/bhuang/expRuns/UFS-Aerosols_RETcyc/AeroReanl/xmlDB//AeroReanl_EP4_FreeRun_NoSPE_YesSfcanl_v15_0dz0dp_1M_C96_202007_Diag.db'
/apps/contrib/rocoto/1.3.6/bin/rocotorun -w /home/bohuang/Workflow/UFS-Aerosols_NRTcyc/UFS-Aerosols-EP4_JEDI-AeroDA-Reanl-Hercules-20231213Model/dr-work-mpi/xmlFiles//AeroReanl_EP4_FreeRun_NoSPE_YesSfcanl_v15_0dz0dp_1M_C96_202007_Diag.xml -d /work/noaa/gsd-fv3-dev/bhuang/expRuns/UFS-Aerosols_RETcyc/AeroReanl/xmlDB//AeroReanl_EP4_FreeRun_NoSPE_YesSfcanl_v15_0dz0dp_1M_C96_202007_Diag.db
+ /apps/contrib/rocoto/1.3.6/bin/rocotorun -w /home/bohuang/Workflow/UFS-Aerosols_NRTcyc/UFS-Aerosols-EP4_JEDI-AeroDA-Reanl-Hercules-20231213Model/dr-work-mpi/xmlFiles//AeroReanl_EP4_FreeRun_NoSPE_YesSfcanl_v15_0dz0dp_1M_C96_202007_Diag.xml -d /work/noaa/gsd-fv3-dev/bhuang/expRuns/UFS-Aerosols_RETcyc/AeroReanl/xmlDB//AeroReanl_EP4_FreeRun_NoSPE_YesSfcanl_v15_0dz0dp_1M_C96_202007_Diag.db
05/29/24 16:59:24 CDT :: AeroReanl_EP4_FreeRun_NoSPE_YesSfcanl_v15_0dz0dp_1M_C96_202007_Diag.xml :: ERROR: You do not have permission to create /work/noaa/gsd-fv3-dev/bhuang/expRuns/UFS-Aerosols_RETcyc/AeroReanl/xmlDB//AeroReanl_EP4_FreeRun_NoSPE_YesSfcanl_v15_0dz0dp_1M_C96_202007_Diag.db
+ /home/bohuang/Workflow/UFS-Aerosols_NRTcyc/UFS-Aerosols-EP4_JEDI-AeroDA-Reanl-Hercules-20231213Model/dr-work-mpi/xmlFiles/job_rcml_failed_gdasefcs.sh
+ RUNDIR=/work/noaa/gsd-fv3-dev/bhuang/expRuns/UFS-Aerosols_RETcyc/AeroReanl
+ XMLDIR=/home/bohuang/Workflow/UFS-Aerosols_NRTcyc/UFS-Aerosols-EP4_JEDI-AeroDA-Reanl-Hercules-20231213Model/dr-work-mpi/xmlFiles
+ DBDIR=/work/noaa/gsd-fv3-dev/bhuang/expRuns/UFS-Aerosols_RETcyc/AeroReanl/xmlDB/
+ NDATE=/home/bohuang/Workflow/UFS-Aerosols_NRTcyc/UFS-Aerosols-EP4_JEDI-AeroDA-Reanl-Hercules-20231213Model/misc/ndate/ndate
+ rstat=/apps/contrib/rocoto/1.3.6/bin/rocotostat
+ rcmpl=/apps/contrib/rocoto/1.3.6/bin/rocotocomplete
+ MEMGRP=5
+ NTASKS=8
+ NTRIES=3
+ EXPS='
AeroReanl_EP4_AeroDA_YesSPEEnKF_YesSfcanl_v14_0dz0dp_41M_C96_201801
AeroReanl_EP4_AeroDA_YesSPEEnKF_YesSfcanl_v15_0dz0dp_41M_C96_202007
'
+ for EXP in ${EXPS}
+ RECDIR=/home/bohuang/Workflow/UFS-Aerosols_NRTcyc/UFS-Aerosols-EP4_JEDI-AeroDA-Reanl-Hercules-20231213Model/dr-work-mpi/xmlFiles/FAILED_GDASEFCS
+ [[ ! -d /home/bohuang/Workflow/UFS-Aerosols_NRTcyc/UFS-Aerosols-EP4_JEDI-AeroDA-Reanl-Hercules-20231213Model/dr-work-mpi/xmlFiles/FAILED_GDASEFCS ]]
+ EXPREC=/home/bohuang/Workflow/UFS-Aerosols_NRTcyc/UFS-Aerosols-EP4_JEDI-AeroDA-Reanl-Hercules-20231213Model/dr-work-mpi/xmlFiles/FAILED_GDASEFCS/FAILED_GDASEFCS_AeroReanl_EP4_AeroDA_YesSPEEnKF_YesSfcanl_v14_0dz0dp_41M_C96_201801.record
++ ls -d '/work/noaa/gsd-fv3-dev/bhuang/expRuns/UFS-Aerosols_RETcyc/AeroReanl/AeroReanl_EP4_AeroDA_YesSPEEnKF_YesSfcanl_v14_0dz0dp_41M_C96_201801/dr-data/logs/20????????'
++ tail -n 1
ls: cannot access '/work/noaa/gsd-fv3-dev/bhuang/expRuns/UFS-Aerosols_RETcyc/AeroReanl/AeroReanl_EP4_AeroDA_YesSPEEnKF_YesSfcanl_v14_0dz0dp_41M_C96_201801/dr-data/logs/20????????': No such file or directory
+ LOGS=
++ basename
basename: missing operand
Try 'basename --help' for more information.
+ CDATE=
+ CYMD=
+ CH=
+ ENKFDIR=/work/noaa/gsd-fv3-dev/bhuang/expRuns/UFS-Aerosols_RETcyc/AeroReanl/AeroReanl_EP4_AeroDA_YesSPEEnKF_YesSfcanl_v14_0dz0dp_41M_C96_201801/dr-data/enkfgdas.//
+ EXPDIR=/work/noaa/gsd-fv3-dev/bhuang/expRuns/UFS-Aerosols_RETcyc/AeroReanl/AeroReanl_EP4_AeroDA_YesSPEEnKF_YesSfcanl_v14_0dz0dp_41M_C96_201801/dr-data/FAILED_GDASEFCS
+ [[ ! -d /work/noaa/gsd-fv3-dev/bhuang/expRuns/UFS-Aerosols_RETcyc/AeroReanl/AeroReanl_EP4_AeroDA_YesSPEEnKF_YesSfcanl_v14_0dz0dp_41M_C96_201801/dr-data/FAILED_GDASEFCS ]]
+ mkdir -p /work/noaa/gsd-fv3-dev/bhuang/expRuns/UFS-Aerosols_RETcyc/AeroReanl/AeroReanl_EP4_AeroDA_YesSPEEnKF_YesSfcanl_v14_0dz0dp_41M_C96_201801/dr-data/FAILED_GDASEFCS
mkdir: cannot create directory ‘/work/noaa’: Permission denied
+ cd /work/noaa/gsd-fv3-dev/bhuang/expRuns/UFS-Aerosols_RETcyc/AeroReanl/AeroReanl_EP4_AeroDA_YesSPEEnKF_YesSfcanl_v14_0dz0dp_41M_C96_201801/dr-data/FAILED_GDASEFCS
/home/bohuang/Workflow/UFS-Aerosols_NRTcyc/UFS-Aerosols-EP4_JEDI-AeroDA-Reanl-Hercules-20231213Model/dr-work-mpi/xmlFiles/job_rcml_failed_gdasefcs.sh: line 35: cd: /work/noaa/gsd-fv3-dev/bhuang/expRuns/UFS-Aerosols_RETcyc/AeroReanl/AeroReanl_EP4_AeroDA_YesSPEEnKF_YesSfcanl_v14_0dz0dp_41M_C96_201801/dr-data/FAILED_GDASEFCS: No such file or directory
+ '[' '!' -f rstat.log ']'
+ for EXP in ${EXPS}
+ RECDIR=/home/bohuang/Workflow/UFS-Aerosols_NRTcyc/UFS-Aerosols-EP4_JEDI-AeroDA-Reanl-Hercules-20231213Model/dr-work-mpi/xmlFiles/FAILED_GDASEFCS
+ [[ ! -d /home/bohuang/Workflow/UFS-Aerosols_NRTcyc/UFS-Aerosols-EP4_JEDI-AeroDA-Reanl-Hercules-20231213Model/dr-work-mpi/xmlFiles/FAILED_GDASEFCS ]]
+ EXPREC=/home/bohuang/Workflow/UFS-Aerosols_NRTcyc/UFS-Aerosols-EP4_JEDI-AeroDA-Reanl-Hercules-20231213Model/dr-work-mpi/xmlFiles/FAILED_GDASEFCS/FAILED_GDASEFCS_AeroReanl_EP4_AeroDA_YesSPEEnKF_YesSfcanl_v15_0dz0dp_41M_C96_202007.record
++ ls -d '/work/noaa/gsd-fv3-dev/bhuang/expRuns/UFS-Aerosols_RETcyc/AeroReanl/AeroReanl_EP4_AeroDA_YesSPEEnKF_YesSfcanl_v15_0dz0dp_41M_C96_202007/dr-data/logs/20????????'
++ tail -n 1
ls: cannot access '/work/noaa/gsd-fv3-dev/bhuang/expRuns/UFS-Aerosols_RETcyc/AeroReanl/AeroReanl_EP4_AeroDA_YesSPEEnKF_YesSfcanl_v15_0dz0dp_41M_C96_202007/dr-data/logs/20????????': No such file or directory
+ LOGS=
++ basename
basename: missing operand
Try 'basename --help' for more information.
+ CDATE=
+ CYMD=
+ CH=
+ ENKFDIR=/work/noaa/gsd-fv3-dev/bhuang/expRuns/UFS-Aerosols_RETcyc/AeroReanl/AeroReanl_EP4_AeroDA_YesSPEEnKF_YesSfcanl_v15_0dz0dp_41M_C96_202007/dr-data/enkfgdas.//
+ EXPDIR=/work/noaa/gsd-fv3-dev/bhuang/expRuns/UFS-Aerosols_RETcyc/AeroReanl/AeroReanl_EP4_AeroDA_YesSPEEnKF_YesSfcanl_v15_0dz0dp_41M_C96_202007/dr-data/FAILED_GDASEFCS
+ [[ ! -d /work/noaa/gsd-fv3-dev/bhuang/expRuns/UFS-Aerosols_RETcyc/AeroReanl/AeroReanl_EP4_AeroDA_YesSPEEnKF_YesSfcanl_v15_0dz0dp_41M_C96_202007/dr-data/FAILED_GDASEFCS ]]
+ mkdir -p /work/noaa/gsd-fv3-dev/bhuang/expRuns/UFS-Aerosols_RETcyc/AeroReanl/AeroReanl_EP4_AeroDA_YesSPEEnKF_YesSfcanl_v15_0dz0dp_41M_C96_202007/dr-data/FAILED_GDASEFCS
mkdir: cannot create directory ‘/work/noaa’: Permission denied
+ cd /work/noaa/gsd-fv3-dev/bhuang/expRuns/UFS-Aerosols_RETcyc/AeroReanl/AeroReanl_EP4_AeroDA_YesSPEEnKF_YesSfcanl_v15_0dz0dp_41M_C96_202007/dr-data/FAILED_GDASEFCS
/home/bohuang/Workflow/UFS-Aerosols_NRTcyc/UFS-Aerosols-EP4_JEDI-AeroDA-Reanl-Hercules-20231213Model/dr-work-mpi/xmlFiles/job_rcml_failed_gdasefcs.sh: line 35: cd: /work/noaa/gsd-fv3-dev/bhuang/expRuns/UFS-Aerosols_RETcyc/AeroReanl/AeroReanl_EP4_AeroDA_YesSPEEnKF_YesSfcanl_v15_0dz0dp_41M_C96_202007/dr-data/FAILED_GDASEFCS: No such file or directory
+ '[' '!' -f rstat.log ']'
